This is pdfTeX, Version 3.141592653-2.6-1.40.25 (TeX Live 2023) (preloaded format=pdflatex 2023.8.16)  21 AUG 2023 11:06
entering extended mode
 restricted \write18 enabled.
 file:line:error style messages enabled.
 %&-line parsing enabled.
**c:/Users/64944/Desktop/Work/AACL/Doucument/latex/acl_latex.tex
(c:/Users/64944/Desktop/Work/AACL/Doucument/latex/acl_latex.tex
LaTeX2e <2023-06-01> patch level 1
L3 programming layer <2023-08-11>
(c:/Code/texlive/2023/texmf-dist/tex/latex/base/article.cls
Document Class: article 2023/05/17 v1.4n Standard LaTeX document class
(c:/Code/texlive/2023/texmf-dist/tex/latex/base/size11.clo
File: size11.clo 2023/05/17 v1.4n Standard LaTeX file (size option)
)
\c@part=\count185
\c@section=\count186
\c@subsection=\count187
\c@subsubsection=\count188
\c@paragraph=\count189
\c@subparagraph=\count190
\c@figure=\count191
\c@table=\count192
\abovecaptionskip=\skip48
\belowcaptionskip=\skip49
\bibindent=\dimen140
) (c:/Code/texlive/2023/texmf-dist/tex/latex/xcolor/xcolor.sty
Package: xcolor 2022/06/12 v2.14 LaTeX color extensions (UK)
 (c:/Code/texlive/2023/texmf-dist/tex/latex/graphics-cfg/color.cfg
File: color.cfg 2016/01/02 v1.6 sample color configuration
)
Package xcolor Info: Driver file: pdftex.def on input line 227.
 (c:/Code/texlive/2023/texmf-dist/tex/latex/graphics-def/pdftex.def
File: pdftex.def 2022/09/22 v1.2b Graphics/color driver for pdftex
) (c:/Code/texlive/2023/texmf-dist/tex/latex/graphics/mathcolor.ltx)
Package xcolor Info: Model `cmy' substituted by `cmy0' on input line 1353.
Package xcolor Info: Model `hsb' substituted by `rgb' on input line 1357.
Package xcolor Info: Model `RGB' extended on input line 1369.
Package xcolor Info: Model `HTML' substituted by `rgb' on input line 1371.
Package xcolor Info: Model `Hsb' substituted by `hsb' on input line 1372.
Package xcolor Info: Model `tHsb' substituted by `hsb' on input line 1373.
Package xcolor Info: Model `HSB' substituted by `hsb' on input line 1374.
Package xcolor Info: Model `Gray' substituted by `gray' on input line 1375.
Package xcolor Info: Model `wave' substituted by `hsb' on input line 1376.
 (c:/Code/texlive/2023/texmf-dist/tex/latex/graphics/dvipsnam.def
File: dvipsnam.def 2016/06/17 v3.0m Driver-dependent file (DPC,SPQR)
)) (./acl.sty
Conference Style for ACL
(c:/Code/texlive/2023/texmf-dist/tex/latex/lineno/lineno.sty
Package: lineno 2023/05/20 line numbers on paragraphs v5.3
 (c:/Code/texlive/2023/texmf-dist/tex/latex/etoolbox/etoolbox.sty
Package: etoolbox 2020/10/05 v2.5k e-TeX tools for LaTeX (JAW)
\etb@tempcnta=\count193
) (c:/Code/texlive/2023/texmf-dist/tex/latex/kvoptions/kvoptions.sty
Package: kvoptions 2022-06-15 v3.15 Key value format for package options (HO)
 (c:/Code/texlive/2023/texmf-dist/tex/latex/graphics/keyval.sty
Package: keyval 2022/05/29 v1.15 key=value parser (DPC)
\KV@toks@=\toks17
) (c:/Code/texlive/2023/texmf-dist/tex/generic/ltxcmds/ltxcmds.sty
Package: ltxcmds 2020-05-10 v1.25 LaTeX kernel commands for general use (HO)
) (c:/Code/texlive/2023/texmf-dist/tex/latex/kvsetkeys/kvsetkeys.sty
Package: kvsetkeys 2022-10-05 v1.19 Key value parser (HO)
))
\linenopenalty=\count194
\output=\toks18
\linenoprevgraf=\count195
\linenumbersep=\dimen141
\linenumberwidth=\dimen142
\c@linenumber=\count196
\c@pagewiselinenumber=\count197
\c@LN@truepage=\count198
\c@internallinenumber=\count199
\c@internallinenumbers=\count266
\quotelinenumbersep=\dimen143
\bframerule=\dimen144
\bframesep=\dimen145
\bframebox=\box51
LaTeX Info: Redefining \\ on input line 3180.
)
\cv@tmpc@=\count267
\cv@tmpc=\count268
 (c:/Code/texlive/2023/texmf-dist/tex/latex/geometry/geometry.sty
Package: geometry 2020/01/02 v5.9 Page Geometry
 (c:/Code/texlive/2023/texmf-dist/tex/generic/iftex/ifvtex.sty
Package: ifvtex 2019/10/25 v1.7 ifvtex legacy package. Use iftex instead.
 (c:/Code/texlive/2023/texmf-dist/tex/generic/iftex/iftex.sty
Package: iftex 2022/02/03 v1.0f TeX engine tests
))
\Gm@cnth=\count269
\Gm@cntv=\count270
\c@Gm@tempcnt=\count271
\Gm@bindingoffset=\dimen146
\Gm@wd@mp=\dimen147
\Gm@odd@mp=\dimen148
\Gm@even@mp=\dimen149
\Gm@layoutwidth=\dimen150
\Gm@layoutheight=\dimen151
\Gm@layouthoffset=\dimen152
\Gm@layoutvoffset=\dimen153
\Gm@dimlist=\toks19
)
\titlebox=\skip50
 (c:/Code/texlive/2023/texmf-dist/tex/latex/caption/caption.sty
Package: caption 2023/07/31 v3.6n Customizing captions (AR)
 (c:/Code/texlive/2023/texmf-dist/tex/latex/caption/caption3.sty
Package: caption3 2023/07/31 v2.4d caption3 kernel (AR)
\caption@tempdima=\dimen154
\captionmargin=\dimen155
\caption@leftmargin=\dimen156
\caption@rightmargin=\dimen157
\caption@width=\dimen158
\caption@indent=\dimen159
\caption@parindent=\dimen160
\caption@hangindent=\dimen161
Package caption Info: Standard document class detected.
)
\c@caption@flags=\count272
\c@continuedfloat=\count273
) (c:/Code/texlive/2023/texmf-dist/tex/latex/natbib/natbib.sty
Package: natbib 2010/09/13 8.31b (PWD, AO)
\bibhang=\skip51
\bibsep=\skip52
LaTeX Info: Redefining \cite on input line 694.
\c@NAT@ctr=\count274
) (c:/Code/texlive/2023/texmf-dist/tex/latex/hyperref/hyperref.sty
Package: hyperref 2023-07-08 v7.01b Hypertext links for LaTeX
 (c:/Code/texlive/2023/texmf-dist/tex/generic/pdftexcmds/pdftexcmds.sty
Package: pdftexcmds 2020-06-27 v0.33 Utility functions of pdfTeX for LuaTeX (HO)
 (c:/Code/texlive/2023/texmf-dist/tex/generic/infwarerr/infwarerr.sty
Package: infwarerr 2019/12/03 v1.5 Providing info/warning/error messages (HO)
)
Package pdftexcmds Info: \pdf@primitive is available.
Package pdftexcmds Info: \pdf@ifprimitive is available.
Package pdftexcmds Info: \pdfdraftmode found.
) (c:/Code/texlive/2023/texmf-dist/tex/generic/kvdefinekeys/kvdefinekeys.sty
Package: kvdefinekeys 2019-12-19 v1.6 Define keys (HO)
) (c:/Code/texlive/2023/texmf-dist/tex/generic/pdfescape/pdfescape.sty
Package: pdfescape 2019/12/09 v1.15 Implements pdfTeX's escape features (HO)
) (c:/Code/texlive/2023/texmf-dist/tex/latex/hycolor/hycolor.sty
Package: hycolor 2020-01-27 v1.10 Color options for hyperref/bookmark (HO)
) (c:/Code/texlive/2023/texmf-dist/tex/latex/letltxmacro/letltxmacro.sty
Package: letltxmacro 2019/12/03 v1.6 Let assignment for LaTeX macros (HO)
) (c:/Code/texlive/2023/texmf-dist/tex/latex/auxhook/auxhook.sty
Package: auxhook 2019-12-17 v1.6 Hooks for auxiliary files (HO)
) (c:/Code/texlive/2023/texmf-dist/tex/latex/hyperref/nameref.sty
Package: nameref 2023-08-07 v2.53 Cross-referencing by name of section
 (c:/Code/texlive/2023/texmf-dist/tex/latex/refcount/refcount.sty
Package: refcount 2019/12/15 v3.6 Data extraction from label references (HO)
) (c:/Code/texlive/2023/texmf-dist/tex/generic/gettitlestring/gettitlestring.sty
Package: gettitlestring 2019/12/15 v1.6 Cleanup title references (HO)
)
\c@section@level=\count275
)
\@linkdim=\dimen162
\Hy@linkcounter=\count276
\Hy@pagecounter=\count277
 (c:/Code/texlive/2023/texmf-dist/tex/latex/hyperref/pd1enc.def
File: pd1enc.def 2023-07-08 v7.01b Hyperref: PDFDocEncoding definition (HO)
Now handling font encoding PD1 ...
... no UTF-8 mapping file for font encoding PD1
) (c:/Code/texlive/2023/texmf-dist/tex/generic/intcalc/intcalc.sty
Package: intcalc 2019/12/15 v1.3 Expandable calculations with integers (HO)
)
\Hy@SavedSpaceFactor=\count278
 (c:/Code/texlive/2023/texmf-dist/tex/latex/hyperref/puenc.def
File: puenc.def 2023-07-08 v7.01b Hyperref: PDF Unicode definition (HO)
Now handling font encoding PU ...
... no UTF-8 mapping file for font encoding PU
)
Package hyperref Info: Option `breaklinks' set `true' on input line 4050.
Package hyperref Info: Hyper figures OFF on input line 4167.
Package hyperref Info: Link nesting OFF on input line 4172.
Package hyperref Info: Hyper index ON on input line 4175.
Package hyperref Info: Plain pages OFF on input line 4182.
Package hyperref Info: Backreferencing OFF on input line 4187.
Package hyperref Info: Implicit mode ON; LaTeX internals redefined.
Package hyperref Info: Bookmarks ON on input line 4434.
\c@Hy@tempcnt=\count279
 (c:/Code/texlive/2023/texmf-dist/tex/latex/url/url.sty
\Urlmuskip=\muskip16
Package: url 2013/09/16  ver 3.4  Verb mode for urls, etc.
)
LaTeX Info: Redefining \url on input line 4772.
\XeTeXLinkMargin=\dimen163
 (c:/Code/texlive/2023/texmf-dist/tex/generic/bitset/bitset.sty
Package: bitset 2019/12/09 v1.3 Handle bit-vector datatype (HO)
 (c:/Code/texlive/2023/texmf-dist/tex/generic/bigintcalc/bigintcalc.sty
Package: bigintcalc 2019/12/15 v1.5 Expandable calculations on big integers (HO)
))
\Fld@menulength=\count280
\Field@Width=\dimen164
\Fld@charsize=\dimen165
Package hyperref Info: Hyper figures OFF on input line 6051.
Package hyperref Info: Link nesting OFF on input line 6056.
Package hyperref Info: Hyper index ON on input line 6059.
Package hyperref Info: backreferencing OFF on input line 6066.
Package hyperref Info: Link coloring OFF on input line 6071.
Package hyperref Info: Link coloring with OCG OFF on input line 6076.
Package hyperref Info: PDF/A mode OFF on input line 6081.
 (c:/Code/texlive/2023/texmf-dist/tex/latex/base/atbegshi-ltx.sty
Package: atbegshi-ltx 2021/01/10 v1.0c Emulation of the original atbegshi
package with kernel methods
)
\Hy@abspage=\count281
\c@Item=\count282
\c@Hfootnote=\count283
)
Package hyperref Info: Driver (autodetected): hpdftex.
 (c:/Code/texlive/2023/texmf-dist/tex/latex/hyperref/hpdftex.def
File: hpdftex.def 2023-07-08 v7.01b Hyperref driver for pdfTeX
 (c:/Code/texlive/2023/texmf-dist/tex/latex/base/atveryend-ltx.sty
Package: atveryend-ltx 2020/08/19 v1.0a Emulation of the original atveryend package
with kernel methods
)
\Fld@listcount=\count284
\c@bookmark@seq@number=\count285
 (c:/Code/texlive/2023/texmf-dist/tex/latex/rerunfilecheck/rerunfilecheck.sty
Package: rerunfilecheck 2022-07-10 v1.10 Rerun checks for auxiliary files (HO)
 (c:/Code/texlive/2023/texmf-dist/tex/generic/uniquecounter/uniquecounter.sty
Package: uniquecounter 2019/12/15 v1.4 Provide unlimited unique counter (HO)
)
Package uniquecounter Info: New unique counter `rerunfilecheck' on input line 285.
)
\Hy@SectionHShift=\skip53
)
Package hyperref Info: Option `colorlinks' set `true' on input line 311.
) (c:/Code/texlive/2023/texmf-dist/tex/latex/psnfss/times.sty
Package: times 2020/03/25 PSNFSS-v9.3 (SPQR) 
) (c:/Code/texlive/2023/texmf-dist/tex/latex/base/latexsym.sty
Package: latexsym 1998/08/17 v2.2e Standard LaTeX package (lasy symbols)
\symlasy=\mathgroup4
LaTeX Font Info:    Overwriting symbol font `lasy' in version `bold'
(Font)                  U/lasy/m/n --> U/lasy/b/n on input line 52.
) (c:/Code/texlive/2023/texmf-dist/tex/latex/base/fontenc.sty
Package: fontenc 2021/04/29 v2.0v Standard LaTeX package
LaTeX Font Info:    Trying to load font information for T1+ptm on input line 112.
 (c:/Code/texlive/2023/texmf-dist/tex/latex/psnfss/t1ptm.fd
File: t1ptm.fd 2001/06/04 font definitions for T1/ptm.
)) (c:/Code/texlive/2023/texmf-dist/tex/latex/base/inputenc.sty
Package: inputenc 2021/02/14 v1.3d Input encoding file
\inpenc@prehook=\toks20
\inpenc@posthook=\toks21
) (c:/Code/texlive/2023/texmf-dist/tex/latex/microtype/microtype.sty
Package: microtype 2023/03/13 v3.1a Micro-typographical refinements (RS)
\MT@toks=\toks22
\MT@tempbox=\box52
\MT@count=\count286
LaTeX Info: Redefining \noprotrusionifhmode on input line 1059.
LaTeX Info: Redefining \leftprotrusion on input line 1060.
\MT@prot@toks=\toks23
LaTeX Info: Redefining \rightprotrusion on input line 1078.
LaTeX Info: Redefining \textls on input line 1368.
\MT@outer@kern=\dimen166
LaTeX Info: Redefining \textmicrotypecontext on input line 1988.
\MT@listname@count=\count287
 (c:/Code/texlive/2023/texmf-dist/tex/latex/microtype/microtype-pdftex.def
File: microtype-pdftex.def 2023/03/13 v3.1a Definitions specific to pdftex (RS)
LaTeX Info: Redefining \lsstyle on input line 902.
LaTeX Info: Redefining \lslig on input line 902.
\MT@outer@space=\skip54
)
Package microtype Info: Loading configuration file microtype.cfg.
 (c:/Code/texlive/2023/texmf-dist/tex/latex/microtype/microtype.cfg
File: microtype.cfg 2023/03/13 v3.1a microtype main configuration file (RS)
)) (c:/Code/texlive/2023/texmf-dist/tex/latex/booktabs/booktabs.sty
Package: booktabs 2020/01/12 v1.61803398 Publication quality tables
\heavyrulewidth=\dimen167
\lightrulewidth=\dimen168
\cmidrulewidth=\dimen169
\belowrulesep=\dimen170
\belowbottomsep=\dimen171
\aboverulesep=\dimen172
\abovetopsep=\dimen173
\cmidrulesep=\dimen174
\cmidrulekern=\dimen175
\defaultaddspace=\dimen176
\@cmidla=\count288
\@cmidlb=\count289
\@aboverulesep=\dimen177
\@belowrulesep=\dimen178
\@thisruleclass=\count290
\@lastruleclass=\count291
\@thisrulewidth=\dimen179
) (c:/Code/texlive/2023/texmf-dist/tex/latex/amsfonts/amsfonts.sty
Package: amsfonts 2013/01/14 v3.01 Basic AMSFonts support
\@emptytoks=\toks24
\symAMSa=\mathgroup5
\symAMSb=\mathgroup6
LaTeX Font Info:    Redeclaring math symbol \hbar on input line 98.
LaTeX Font Info:    Overwriting math alphabet `\mathfrak' in version `bold'
(Font)                  U/euf/m/n --> U/euf/b/n on input line 106.
) (c:/Code/texlive/2023/texmf-dist/tex/latex/units/nicefrac.sty
Package: nicefrac 1998/08/04 v0.9b Nice fractions
\L@UnitsRaiseDisplaystyle=\skip55
\L@UnitsRaiseTextstyle=\skip56
\L@UnitsRaiseScriptstyle=\skip57
 (c:/Code/texlive/2023/texmf-dist/tex/latex/base/ifthen.sty
Package: ifthen 2022/04/13 v1.1d Standard LaTeX ifthen package (DPC)
)) (c:/Code/texlive/2023/texmf-dist/tex/latex/multirow/multirow.sty
Package: multirow 2021/03/15 v2.8 Span multiple rows of a table
\multirow@colwidth=\skip58
\multirow@cntb=\count292
\multirow@dima=\skip59
\bigstrutjot=\dimen180
) (c:/Code/texlive/2023/texmf-dist/tex/latex/lipsum/lipsum.sty (c:/Code/texlive/2023/texmf-dist/tex/latex/l3packages/l3keys2e/l3keys2e.sty (c:/Code/texlive/2023/texmf-dist/tex/latex/l3kernel/expl3.sty
Package: expl3 2023-08-11 L3 programming layer (loader) 
 (c:/Code/texlive/2023/texmf-dist/tex/latex/l3backend/l3backend-pdftex.def
File: l3backend-pdftex.def 2023-04-19 L3 backend support: PDF output (pdfTeX)
\l__color_backend_stack_int=\count293
\l__pdf_internal_box=\box53
))
Package: l3keys2e 2023-02-02 LaTeX2e option processing using LaTeX3 keys
)
Package: lipsum 2021-09-20 v2.7 150 paragraphs of Lorem Ipsum dummy text
\g__lipsum_par_int=\count294
\l__lipsum_a_int=\count295
\l__lipsum_b_int=\count296
 (c:/Code/texlive/2023/texmf-dist/tex/latex/lipsum/lipsum.ltd.tex)) (c:/Code/texlive/2023/texmf-dist/tex/latex/tools/verbatim.sty
Package: verbatim 2022-07-02 v1.5u LaTeX2e package for verbatim enhancements
\every@verbatim=\toks25
\verbatim@line=\toks26
\verbatim@in@stream=\read2
) (c:/Code/texlive/2023/texmf-dist/tex/latex/amsmath/amsmath.sty
Package: amsmath 2023/05/13 v2.17o AMS math features
\@mathmargin=\skip60

For additional information on amsmath, use the `?' option.
(c:/Code/texlive/2023/texmf-dist/tex/latex/amsmath/amstext.sty
Package: amstext 2021/08/26 v2.01 AMS text
 (c:/Code/texlive/2023/texmf-dist/tex/latex/amsmath/amsgen.sty
File: amsgen.sty 1999/11/30 v2.0 generic functions
\@emptytoks=\toks27
\ex@=\dimen181
)) (c:/Code/texlive/2023/texmf-dist/tex/latex/amsmath/amsbsy.sty
Package: amsbsy 1999/11/29 v1.2d Bold Symbols
\pmbraise@=\dimen182
) (c:/Code/texlive/2023/texmf-dist/tex/latex/amsmath/amsopn.sty
Package: amsopn 2022/04/08 v2.04 operator names
)
\inf@bad=\count297
LaTeX Info: Redefining \frac on input line 234.
\uproot@=\count298
\leftroot@=\count299
LaTeX Info: Redefining \overline on input line 399.
LaTeX Info: Redefining \colon on input line 410.
\classnum@=\count300
\DOTSCASE@=\count301
LaTeX Info: Redefining \ldots on input line 496.
LaTeX Info: Redefining \dots on input line 499.
LaTeX Info: Redefining \cdots on input line 620.
\Mathstrutbox@=\box54
\strutbox@=\box55
LaTeX Info: Redefining \big on input line 722.
LaTeX Info: Redefining \Big on input line 723.
LaTeX Info: Redefining \bigg on input line 724.
LaTeX Info: Redefining \Bigg on input line 725.
\big@size=\dimen183
LaTeX Font Info:    Redeclaring font encoding OML on input line 743.
LaTeX Font Info:    Redeclaring font encoding OMS on input line 744.
\macc@depth=\count302
LaTeX Info: Redefining \bmod on input line 905.
LaTeX Info: Redefining \pmod on input line 910.
LaTeX Info: Redefining \smash on input line 940.
LaTeX Info: Redefining \relbar on input line 970.
LaTeX Info: Redefining \Relbar on input line 971.
\c@MaxMatrixCols=\count303
\dotsspace@=\muskip17
\c@parentequation=\count304
\dspbrk@lvl=\count305
\tag@help=\toks28
\row@=\count306
\column@=\count307
\maxfields@=\count308
\andhelp@=\toks29
\eqnshift@=\dimen184
\alignsep@=\dimen185
\tagshift@=\dimen186
\tagwidth@=\dimen187
\totwidth@=\dimen188
\lineht@=\dimen189
\@envbody=\toks30
\multlinegap=\skip61
\multlinetaggap=\skip62
\mathdisplay@stack=\toks31
LaTeX Info: Redefining \[ on input line 2953.
LaTeX Info: Redefining \] on input line 2954.
)
\linenoamsmath@ams@eqpen=\count309
 (c:/Code/texlive/2023/texmf-dist/tex/latex/appendix/appendix.sty
Package: appendix 2020/02/08 v1.2c extra appendix facilities
\c@@pps=\count310
\c@@ppsavesec=\count311
\c@@ppsaveapp=\count312
) (c:/Code/texlive/2023/texmf-dist/tex/latex/minitoc/minitoc.sty
Package: minitoc 2018/07/12 v62 Package minitoc
 (c:/Code/texlive/2023/texmf-dist/tex/latex/minitoc/mtcmess.sty
Package: mtcmess 2006/03/14
)
Package minitoc Info: I0001
(minitoc)             *** minitoc package, version 62 ***.
\tf@mtc=\write3
\mtcindent=\skip63
\mtcskipamount=\skip64
Package minitoc Info: I0005
(minitoc)             compatible with hyperref.
Package minitoc Info: I0023
(minitoc)             part level macros available.
Package minitoc Info: I0004
(minitoc)             chapter level macros NOT available.
Package minitoc Info: I0028
(minitoc)             section level macros available.
\mtc@toks=\toks32
\mtc@strutbox=\box56
\mtc@hstrutbox=\box57
Package minitoc Info: I0002
(minitoc)             Autoconfiguration of extensions.
\openout3 = `acl_latex.mtc0'.

\openout3 = `acl_latex.mtc'.

 (./acl_latex.mtc0)
Package minitoc Info: I0012
(minitoc)             Long extensions (Unix-like) will be used.
Package minitoc Info: I0031
(minitoc)             ==> this version is configured for UNIX-like 
(minitoc)                 (long extensions) file names.
\openout3 = `acl_latex.mtc'.

\openout3 = `acl_latex.mtc0'.

\c@ptc=\count313
\c@parttocdepth=\count314
\ptcindent=\skip65
\c@stc=\count315
\c@secttocdepth=\count316
\stcindent=\skip66
Package minitoc Info: I0010
(minitoc)             The english language is selected.
(minitoc)              on input line 4910.
 (c:/Code/texlive/2023/texmf-dist/tex/latex/minitoc/english.mld
File: english.mld 2006/01/13
) (c:/Code/texlive/2023/texmf-dist/tex/latex/minitoc/english.mld
File: english.mld 2006/01/13
)) (c:/Code/texlive/2023/texmf-dist/tex/latex/graphics/graphicx.sty
Package: graphicx 2021/09/16 v1.2d Enhanced LaTeX Graphics (DPC,SPQR)
 (c:/Code/texlive/2023/texmf-dist/tex/latex/graphics/graphics.sty
Package: graphics 2022/03/10 v1.4e Standard LaTeX Graphics (DPC,SPQR)
 (c:/Code/texlive/2023/texmf-dist/tex/latex/graphics/trig.sty
Package: trig 2021/08/11 v1.11 sin cos tan (DPC)
) (c:/Code/texlive/2023/texmf-dist/tex/latex/graphics-cfg/graphics.cfg
File: graphics.cfg 2016/06/04 v1.11 sample graphics configuration
)
Package graphics Info: Driver file: pdftex.def on input line 107.
)
\Gin@req@height=\dimen190
\Gin@req@width=\dimen191
) (c:/Code/texlive/2023/texmf-dist/tex/latex/floatrow/floatrow.sty
Package: floatrow 2008/08/02 v0.3b floatrow: float package extension
\c@float@type=\count317
\float@exts=\toks33
\float@box=\box58
\@floatcapt=\box59
Package floatrow Info: Modified float package code loaded on input line 455.
Package floatrow Info: Modified rotfloat package code loaded on input line 473.
\FR@everyfloat=\toks34
\flrow@foot=\insert252
\FB@wd=\dimen192
\FBo@wd=\dimen193
\FBc@wd=\dimen194
\FBo@ht=\skip67
\FBc@ht=\skip68
\FBf@ht=\skip69
\FBo@max=\skip70
\FBc@max=\skip71
\FBf@max=\skip72
\c@FBl@b=\count318
\floatbox@depth=\count319
\c@FRobj=\count320
\c@FRsobj=\count321
\Xhsize=\skip73
\sXhsize=\skip74
\Zhsize=\skip75
\sZhsize=\skip76
\flrow@rowbox=\box60
\FR@Zunitlength=\dimen195
\c@FBcnt=\count322
\FPOScnt=\count323
\LTleft=\skip77
\LTright=\skip78
\LTleft=\skip79
\LTright=\skip80
\flrow@types=\toks35
) (c:/Code/texlive/2023/texmf-dist/tex/latex/tools/array.sty
Package: array 2022/09/04 v2.5g Tabular extension package (FMi)
\col@sep=\dimen196
\ar@mcellbox=\box61
\extrarowheight=\dimen197
\NC@list=\toks36
\extratabsurround=\skip81
\backup@length=\skip82
\ar@cellbox=\box62
) (c:/Code/texlive/2023/texmf-dist/tex/latex/caption/subcaption.sty
Package: subcaption 2023/07/28 v1.6b Sub-captions (AR)
Package caption Info: New subtype `subfigure' on input line 238.
\c@subfigure=\count324
Package caption Info: New subtype `subtable' on input line 238.
\c@subtable=\count325
)
Package hyperref Info: Option `colorlinks' set `true' on input line 53.
 (./acl_latex.aux)
\openout1 = `acl_latex.aux'.

LaTeX Font Info:    Checking defaults for OML/cmm/m/it on input line 76.
LaTeX Font Info:    ... okay on input line 76.
LaTeX Font Info:    Checking defaults for OMS/cmsy/m/n on input line 76.
LaTeX Font Info:    ... okay on input line 76.
LaTeX Font Info:    Checking defaults for OT1/cmr/m/n on input line 76.
LaTeX Font Info:    ... okay on input line 76.
LaTeX Font Info:    Checking defaults for T1/cmr/m/n on input line 76.
LaTeX Font Info:    ... okay on input line 76.
LaTeX Font Info:    Checking defaults for TS1/cmr/m/n on input line 76.
LaTeX Font Info:    ... okay on input line 76.
LaTeX Font Info:    Checking defaults for OMX/cmex/m/n on input line 76.
LaTeX Font Info:    ... okay on input line 76.
LaTeX Font Info:    Checking defaults for U/cmr/m/n on input line 76.
LaTeX Font Info:    ... okay on input line 76.
LaTeX Font Info:    Checking defaults for PD1/pdf/m/n on input line 76.
LaTeX Font Info:    ... okay on input line 76.
LaTeX Font Info:    Checking defaults for PU/pdf/m/n on input line 76.
LaTeX Font Info:    ... okay on input line 76.
 (c:/Code/texlive/2023/texmf-dist/tex/context/base/mkii/supp-pdf.mkii
[Loading MPS to PDF converter (version 2006.09.02).]
\scratchcounter=\count326
\scratchdimen=\dimen198
\scratchbox=\box63
\nofMPsegments=\count327
\nofMParguments=\count328
\everyMPshowfont=\toks37
\MPscratchCnt=\count329
\MPscratchDim=\dimen199
\MPnumerator=\count330
\makeMPintoPDFobject=\count331
\everyMPtoPDFconversion=\toks38
) (c:/Code/texlive/2023/texmf-dist/tex/latex/epstopdf-pkg/epstopdf-base.sty
Package: epstopdf-base 2020-01-24 v2.11 Base part for package epstopdf
Package epstopdf-base Info: Redefining graphics rule for `.eps' on input line 485.
 (c:/Code/texlive/2023/texmf-dist/tex/latex/latexconfig/epstopdf-sys.cfg
File: epstopdf-sys.cfg 2010/07/13 v1.3 Configuration of (r)epstopdf for TeX Live
))
*geometry* driver: auto-detecting
*geometry* detected driver: pdftex
*geometry* verbose mode - [ preamble ] result:
* driver: pdftex
* paper: a4paper
* layout: <same size as paper>
* layoutoffset:(h,v)=(0.0pt,0.0pt)
* modes: heightrounded 
* h-part:(L,W,R)=(71.13188pt, 455.24411pt, 71.13188pt)
* v-part:(T,H,B)=(71.13188pt, 702.78308pt, 71.13188pt)
* \paperwidth=597.50787pt
* \paperheight=845.04684pt
* \textwidth=455.24411pt
* \textheight=704.60031pt
* \oddsidemargin=-1.1381pt
* \evensidemargin=-1.1381pt
* \topmargin=-38.1381pt
* \headheight=12.0pt
* \headsep=25.0pt
* \topskip=11.0pt
* \footskip=30.0pt
* \marginparwidth=59.0pt
* \marginparsep=10.0pt
* \columnsep=17.07182pt
* \skip\footins=9.0pt plus 4.0pt minus 2.0pt
* \hoffset=0.0pt
* \voffset=0.0pt
* \mag=1000
* \@twocolumntrue
* \@twosidefalse
* \@mparswitchfalse
* \@reversemarginfalse
* (1in=72.27pt=25.4mm, 1cm=28.453pt)

Package caption Info: Begin \AtBeginDocument code.
Package caption Info: float package is loaded.
Package caption Info: floatrow package is loaded.
Package caption Info: floatrow package is loaded.
Package caption Info: hyperref package is loaded.
Package caption Info: End \AtBeginDocument code.
Package hyperref Info: Link coloring ON on input line 76.
(./acl_latex.out) (./acl_latex.out)
\@outlinefile=\write4
\openout4 = `acl_latex.out'.

LaTeX Info: Redefining \microtypecontext on input line 76.
Package microtype Info: Applying patch `item' on input line 76.
Package microtype Info: Applying patch `toc' on input line 76.
Package microtype Info: Applying patch `eqnum' on input line 76.
Package microtype Info: Applying patch `footnote' on input line 76.
Package microtype Info: Applying patch `verbatim' on input line 76.
Package microtype Info: Generating PDF output.
Package microtype Info: Character protrusion enabled (level 2).
Package microtype Info: Using default protrusion set `alltext'.
Package microtype Info: Automatic font expansion enabled (level 2),
(microtype)             stretch: 20, shrink: 20, step: 1, non-selected.
Package microtype Info: Using default expansion set `alltext-nott'.
LaTeX Info: Redefining \showhyphens on input line 76.
Package microtype Info: No adjustment of tracking.
Package microtype Info: No adjustment of interword spacing.
Package microtype Info: No adjustment of character kerning.
 (c:/Code/texlive/2023/texmf-dist/tex/latex/microtype/mt-ptm.cfg
File: mt-ptm.cfg 2006/04/20 v1.7 microtype config. file: Times (RS)
)
Package minitoc(hints) Info: I0049
(minitoc(hints))             ==> You requested the hints option. 
(minitoc(hints))             Some hints are eventually given below.
Package minitoc(hints) Info: I0042
(minitoc(hints))             --- The appendix package is loaded. 
(minitoc(hints))             See the minitoc package documentation 
(minitoc(hints))             for specific precautions.
 (c:/Code/texlive/2023/texmf-dist/tex/latex/microtype/mt-cmr.cfg
File: mt-cmr.cfg 2013/05/19 v2.2 microtype config. file: Computer Modern Roman (RS)
)
LaTeX Font Info:    Trying to load font information for U+lasy on input line 77.
 (c:/Code/texlive/2023/texmf-dist/tex/latex/base/ulasy.fd
File: ulasy.fd 1998/08/17 v2.2e LaTeX symbol font definitions
)
LaTeX Font Info:    Trying to load font information for U+msa on input line 77.
 (c:/Code/texlive/2023/texmf-dist/tex/latex/amsfonts/umsa.fd
File: umsa.fd 2013/01/14 v3.01 AMS symbols A
) (c:/Code/texlive/2023/texmf-dist/tex/latex/microtype/mt-msa.cfg
File: mt-msa.cfg 2006/02/04 v1.1 microtype config. file: AMS symbols (a) (RS)
)
LaTeX Font Info:    Trying to load font information for U+msb on input line 77.
 (c:/Code/texlive/2023/texmf-dist/tex/latex/amsfonts/umsb.fd
File: umsb.fd 2013/01/14 v3.01 AMS symbols B
) (c:/Code/texlive/2023/texmf-dist/tex/latex/microtype/mt-msb.cfg
File: mt-msb.cfg 2005/06/01 v1.0 microtype config. file: AMS symbols (b) (RS)
) (./sections/01_introduction.tex

Package natbib Warning: Citation `brown2020language' on page 1 undefined on input line 13.


Package natbib Warning: Citation `chowdhery2022palm' on page 1 undefined on input line 13.


Package natbib Warning: Citation `hoffmann2022training' on page 1 undefined on input line 13.


Package natbib Warning: Citation `zeng2022glm' on page 1 undefined on input line 13.


Package natbib Warning: Citation `chung2022scaling' on page 1 undefined on input line 15.


Package natbib Warning: Citation `ouyang2022training' on page 1 undefined on input line 15.


Package natbib Warning: Citation `chung2022scaling' on page 1 undefined on input line 16.


Package natbib Warning: Citation `touvron2023llama' on page 1 undefined on input line 17.


Package natbib Warning: Citation `alpaca' on page 1 undefined on input line 17.


Package natbib Warning: Citation `wang2022benchmarking' on page 1 undefined on input line 20.


Package natbib Warning: Citation `wei2021finetuned' on page 1 undefined on input line 20.


Package natbib Warning: Citation `wei2021finetuned' on page 1 undefined on input line 20.


Package natbib Warning: Citation `longpre2023flan' on page 1 undefined on input line 20.


Package natbib Warning: Citation `xu2022multiinstruct' on page 1 undefined on input line 20.


Package natbib Warning: Citation `sanh2021multitask' on page 1 undefined on input line 20.


Package natbib Warning: Citation `webson2021prompt' on page 1 undefined on input line 30.


Package natbib Warning: Citation `jang2023can' on page 1 undefined on input line 30.


Package natbib Warning: Citation `zhang2023aligning' on page 1 undefined on input line 30.


Package natbib Warning: Citation `gu2023robustness' on page 1 undefined on input line 31.


Package natbib Warning: Citation `raffel2020exploring' on page 1 undefined on input line 31.


Package natbib Warning: Citation `hendrycks2020measuring' on page 1 undefined on input line 39.


Package natbib Warning: Citation `srivastava2022beyond' on page 1 undefined on input line 39.


LaTeX Warning: Reference `fig:main_fig' on page 1 undefined on input line 42.

[1{c:/Code/texlive/2023/texmf-var/fonts/map/pdftex/updmap/pdftex.map}{c:/Code/texlive/2023/texmf-dist/fonts/enc/dvips/base/8r.enc}



]

Package natbib Warning: Citation `wei2021finetuned' on page 2 undefined on input line 45.


Package natbib Warning: Citation `alpaca' on page 2 undefined on input line 45.


Package natbib Warning: Citation `sanh2021multitask' on page 2 undefined on input line 45.


Package natbib Warning: Citation `hendrycks2020measuring' on page 2 undefined on input line 45.


Package natbib Warning: Citation `srivastava2022beyond' on page 2 undefined on input line 45.

) (./sections/02_relatedwork.tex

Package natbib Warning: Citation `mccann2018natural' on page 2 undefined on input line 11.


Package natbib Warning: Citation `khashabi2020unifiedqa' on page 2 undefined on input line 11.


Package natbib Warning: Citation `keskar2019unifying' on page 2 undefined on input line 11.


Package natbib Warning: Citation `wei2021finetuned' on page 2 undefined on input line 13.


Package natbib Warning: Citation `mishra2021cross' on page 2 undefined on input line 13.


Package natbib Warning: Citation `sanh2021multitask' on page 2 undefined on input line 13.

LaTeX Font Info:    Trying to load font information for T1+pcr on input line 14.
(c:/Code/texlive/2023/texmf-dist/tex/latex/psnfss/t1pcr.fd
File: t1pcr.fd 2001/06/04 font definitions for T1/pcr.
)
Package microtype Info: Loading generic protrusion settings for font family
(microtype)             `pcr' (encoding: T1).
(microtype)             For optimal results, create family-specific settings.
(microtype)             See the microtype manual for details.


Package natbib Warning: Citation `wang2022benchmarking' on page 2 undefined on input line 14.


Package natbib Warning: Citation `iyer2022opt' on page 2 undefined on input line 15.


Package natbib Warning: Citation `longpre2023flan' on page 2 undefined on input line 16.


Underfull \hbox (badness 6575) in paragraph at lines 8--18
 \T1/ptm/b/n/10.95 (+20) Mul-ti-task learn-ing and instruction-tuning[]
 []


Package natbib Warning: Citation `chung2022scaling' on page 2 undefined on input line 19.


Package natbib Warning: Citation `iyer2022opt' on page 2 undefined on input line 19.


Package natbib Warning: Citation `raffel2020exploring' on page 2 undefined on input line 19.


Package natbib Warning: Citation `alpaca' on page 2 undefined on input line 20.


Package natbib Warning: Citation `webson2021prompt' on page 2 undefined on input line 27.


Package natbib Warning: Citation `jang2023can' on page 2 undefined on input line 30.


Package natbib Warning: Citation `min2022rethinking' on page 2 undefined on input line 33.


Package natbib Warning: Citation `wang2023large' on page 2 undefined on input line 33.


Package natbib Warning: Citation `dai2022can' on page 2 undefined on input line 33.


Package natbib Warning: Citation `akyurek2022learning' on page 2 undefined on input line 33.


Package natbib Warning: Citation `yu2022alert' on page 2 undefined on input line 33.


Package natbib Warning: Citation `gu2023robustness' on page 2 undefined on input line 39.

[2]

Package natbib Warning: Citation `ouyang2022training' on page 3 undefined on input line 47.


Package natbib Warning: Citation `glaese2022improving' on page 3 undefined on input line 47.


Package natbib Warning: Citation `bai2022training' on page 3 undefined on input line 47.


Package natbib Warning: Citation `nakano2021webgpt' on page 3 undefined on input line 47.


Package natbib Warning: Citation `zhang2023wisdom' on page 3 undefined on input line 47.


Package natbib Warning: Citation `wang2022self' on page 3 undefined on input line 50.


Package natbib Warning: Citation `zhou2022large' on page 3 undefined on input line 52.


Package natbib Warning: Citation `ye2022guess' on page 3 undefined on input line 54.

) (./sections/03_data.tex

Package natbib Warning: Citation `hendrycks2020measuring' on page 3 undefined on input line 6.


Package natbib Warning: Citation `srivastava2022beyond' on page 3 undefined on input line 6.

) (./sections/04_experiment.tex

Package natbib Warning: Citation `sanh2021multitask' on page 3 undefined on input line 5.


Package natbib Warning: Citation `chung2022scaling' on page 3 undefined on input line 5.


Package natbib Warning: Citation `alpaca' on page 3 undefined on input line 5.


Underfull \hbox (badness 1163) in paragraph at lines 5--8
\T1/ptm/m/n/10.95 (+20) We con-duct ex-per-i-ments with model vari-ants
 []


Package natbib Warning: Citation `hendrycks2020measuring' on page 3 undefined on input line 9.


Package natbib Warning: Citation `srivastava2022beyond' on page 3 undefined on input line 9.


LaTeX Warning: `h' float specifier changed to `ht'.

[3]
Underfull \hbox (badness 1946) in paragraph at lines 139--139
[]\T1/ptm/m/n/9 (+20) (b) |Per-for-mances of Flan-
 []


LaTeX Warning: `h' float specifier changed to `ht'.

[4]

LaTeX Warning: Reference `fig:embeddings' on page 5 undefined on input line 301.


Package natbib Warning: Citation `van2008visualizing' on page 5 undefined on input line 302.


LaTeX Warning: Reference `fig:embeddings' on page 5 undefined on input line 303.


LaTeX Warning: Reference `section:embeddings' on page 5 undefined on input line 316.


LaTeX Warning: Reference `section:embeddings' on page 5 undefined on input line 316.

[5]
Underfull \hbox (badness 1107) in paragraph at lines 356--356
[]\T1/ptm/m/n/10 (+20) Figure 5: |Plots of av-er-
 []


Underfull \hbox (badness 1107) in paragraph at lines 356--356
[]\T1/ptm/m/n/10 (+20) Figure 5: |Plots of av-er-
 []


Underfull \hbox (badness 1107) in paragraph at lines 356--356
[]\T1/ptm/m/n/10 (+20) Figure 5: |Plots of av-er-
 []


Overfull \hbox (70.57288pt too wide) in paragraph at lines 375--375
 [][] 
 []


Underfull \hbox (badness 1132) in paragraph at lines 375--375
[]\T1/ptm/m/n/10 (+20) Table 4: |Av-er-age degra-
 []


Underfull \hbox (badness 1132) in paragraph at lines 375--375
[]\T1/ptm/m/n/10 (+20) Table 4: |Av-er-age degra-
 []


Overfull \hbox (70.57288pt too wide) in paragraph at lines 375--375
 [][] 
 []


Underfull \hbox (badness 1132) in paragraph at lines 375--375
[]\T1/ptm/m/n/10 (+20) Table 4: |Av-er-age degra-
 []


Overfull \hbox (17.07181pt too wide) detected at line 376
 [] 
 []


Package natbib Warning: Citation `gu2023robustness' on page 6 undefined on input line 387.


LaTeX Warning: Reference `section:icl_robustness' on page 6 undefined on input line 390.

) (./sections/05_conclusion.tex

Package natbib Warning: Citation `longpre2023flan' on page 6 undefined on input line 5.


Package natbib Warning: Citation `alpaca' on page 6 undefined on input line 5.

[6])
Underfull \hbox (badness 1810) in paragraph at lines 100--101
\T1/ptm/m/n/10.95 (+20) Set the ti-tle and au-thor us-ing [][]\T1/pcr/m/n/10.95 \title []\T1/ptm/m/n/10.95 (+20) and
 []


LaTeX Warning: Reference `citation-guide' on page 7 undefined on input line 118.


Overfull \hbox (6.48367pt too wide) in paragraph at lines 140--140
 []\T1/pcr/m/n/10.95 \bibliography{anthology,custom}[] 
 []


LaTeX Warning: Reference `sec:bibtex' on page 7 undefined on input line 144.

(./acl_latex.bbl)

Package natbib Warning: There were undefined citations.

Package minitoc Info: I0009
(minitoc)             Listing minitoc auxiliary files. 
(minitoc)             Creating the acl_latex.maf file.
\openout3 = `acl_latex.maf'.

Package minitoc(hints) Info: I0053
(minitoc(hints))             You have loaded the float package; 
(minitoc(hints))             please be aware that the minitoc package 
(minitoc(hints))             facilities can not be used for new types 
(minitoc(hints))             of floats defined by the float package.
Package minitoc(hints) Info: I0053
(minitoc(hints))             You have loaded the floatrow package; 
(minitoc(hints))             please be aware that the minitoc package 
(minitoc(hints))             facilities can not be used for new types 
(minitoc(hints))             of floats defined by the floatrow package.
Package minitoc(hints) Info: I0053
(minitoc(hints))             You have loaded the rotfloat package; 
(minitoc(hints))             please be aware that the minitoc package 
(minitoc(hints))             facilities can not be used for new types 
(minitoc(hints))             of floats defined by the rotfloat package.

Package minitoc(hints) Warning: W0024
(minitoc(hints))                Some hints have been written 
(minitoc(hints))                in the acl_latex.log file.

[7] (./acl_latex.aux)
 ***********
LaTeX2e <2023-06-01> patch level 1
L3 programming layer <2023-08-11>
 ***********


LaTeX Warning: There were undefined references.

Package rerunfilecheck Info: File `acl_latex.out' has not changed.
(rerunfilecheck)             Checksum: 0713C0B39B23F890EEDDFA5576F21B99;3213.
 ) 
Here is how much of TeX's memory you used:
 18835 strings out of 475189
 301475 string characters out of 5765340
 1957248 words of memory out of 5000000
 39306 multiletter control sequences out of 15000+600000
 653674 words of font info for 423 fonts, out of 8000000 for 9000
 1141 hyphenation exceptions out of 8191
 79i,14n,93p,1055b,660s stack positions out of 10000i,1000n,20000p,200000b,200000s
<c:/Code/texlive/2023/texmf-dist/fonts/type1/public/amsfonts/cm/cmmi10.pfb><c:/Code/texlive/2023/texmf-dist/fonts/type1/public/amsfonts/cm/cmmi9.pfb><c:/Code/texlive/2023/texmf-dist/fonts/type1/public/amsfonts/cm/cmr10.pfb><c:/Code/texlive/2023/texmf-dist/fonts/type1/public/amsfonts/cm/cmr9.pfb><c:/Code/texlive/2023/texmf-dist/fonts/type1/public/amsfonts/cm/cmsy10.pfb><c:/Code/texlive/2023/texmf-dist/fonts/type1/public/amsfonts/cm/cmsy9.pfb><c:/Code/texlive/2023/texmf-dist/fonts/type1/urw/courier/ucrr8a.pfb><c:/Code/texlive/2023/texmf-dist/fonts/type1/urw/helvetic/uhvb8a.pfb><c:/Code/texlive/2023/texmf-dist/fonts/type1/urw/times/utmb8a.pfb><c:/Code/texlive/2023/texmf-dist/fonts/type1/urw/times/utmbi8a.pfb><c:/Code/texlive/2023/texmf-dist/fonts/type1/urw/times/utmr8a.pfb><c:/Code/texlive/2023/texmf-dist/fonts/type1/urw/times/utmri8a.pfb>
Output written on acl_latex.pdf (7 pages, 171617 bytes).
PDF statistics:
 238 PDF objects out of 1000 (max. 8388607)
 202 compressed objects within 3 object streams
 43 named destinations out of 1000 (max. 500000)
 81577 words of extra memory for PDF output out of 89155 (max. 10000000)

