\BOOKMARK [1][-]{section.1}{\376\377\000I\000n\000t\000r\000o\000d\000u\000c\000t\000i\000o\000n}{}% 1
\BOOKMARK [1][-]{section.2}{\376\377\000R\000e\000l\000a\000t\000e\000d\000\040\000W\000o\000r\000k}{}% 2
\BOOKMARK [1][-]{section.3}{\376\377\000I\000n\000s\000t\000r\000u\000c\000t\000i\000o\000n\000\040\000D\000a\000t\000a\000s\000e\000t\000s}{}% 3
\BOOKMARK [2][-]{subsection.3.1}{\376\377\000E\000v\000a\000l\000u\000a\000t\000i\000o\000n\000\040\000B\000e\000n\000c\000h\000m\000a\000r\000k\000s}{section.3}% 4
\BOOKMARK [2][-]{subsection.3.2}{\376\377\000C\000o\000l\000l\000e\000c\000t\000i\000n\000g\000\040\000N\000e\000w\000\040\000I\000n\000s\000t\000r\000u\000c\000t\000i\000o\000n\000s\000\040\000f\000r\000o\000m\000\040\000N\000L\000P\000\040\000R\000e\000s\000e\000a\000r\000c\000h\000e\000r\000s}{section.3}% 5
\BOOKMARK [1][-]{section.4}{\376\377\000E\000v\000a\000l\000u\000a\000t\000i\000n\000g\000\040\000t\000h\000e\000\040\000R\000o\000b\000u\000s\000t\000n\000e\000s\000s\000\040\000o\000f\000\040\000I\000n\000s\000t\000r\000u\000c\000t\000i\000o\000n\000-\000t\000u\000n\000e\000d\000\040\000L\000L\000M\000s}{}% 6
\BOOKMARK [2][-]{subsection.4.1}{\376\377\000M\000o\000d\000e\000l\000s\000\040\000a\000n\000d\000\040\000D\000a\000t\000a}{section.4}% 7
\BOOKMARK [2][-]{subsection.4.2}{\376\377\000R\000e\000s\000u\000l\000t\000s}{section.4}% 8
\BOOKMARK [2][-]{subsection.4.3}{\376\377\000A\000\040\000C\000l\000o\000s\000e\000r\000\040\000L\000o\000o\000k\000\040\000a\000t\000\040\000I\000n\000s\000t\000r\000u\000c\000t\000i\000o\000n\000\040\000R\000o\000b\000u\000s\000t\000n\000e\000s\000s}{section.4}% 9
\BOOKMARK [2][-]{subsection.4.4}{\376\377\000S\000c\000a\000l\000i\000n\000g}{section.4}% 10
\BOOKMARK [2][-]{subsection.4.5}{\376\377\000R\000o\000b\000u\000s\000t\000n\000e\000s\000s\000\040\000w\000i\000t\000h\000\040\000S\000e\000m\000a\000n\000t\000i\000c\000\040\000D\000i\000s\000t\000a\000n\000c\000e}{section.4}% 11
\BOOKMARK [2][-]{subsection.4.6}{\376\377\000R\000o\000b\000u\000s\000t\000n\000e\000s\000s\000\040\000U\000n\000d\000e\000r\000\040\000I\000n\000-\000C\000o\000n\000t\000e\000x\000t\000\040\000L\000e\000a\000r\000n\000i\000n\000g\000\040\000\050\000I\000C\000L\000\051}{section.4}% 12
\BOOKMARK [1][-]{section.5}{\376\377\000A\000l\000i\000g\000n\000i\000n\000g\000\040\000E\000q\000u\000i\000v\000a\000l\000e\000n\000t\000\040\000I\000n\000s\000t\000r\000u\000c\000t\000i\000o\000n\000s}{}% 13
\BOOKMARK [1][-]{section.6}{\376\377\000R\000e\000s\000u\000l\000t\000s}{}% 14
\BOOKMARK [1][-]{section.7}{\376\377\000C\000o\000n\000c\000l\000u\000s\000i\000o\000n\000s}{}% 15
\BOOKMARK [1][-]{section.8}{\376\377\000L\000i\000m\000i\000t\000a\000t\000i\000o\000n\000s}{}% 16
\BOOKMARK [1][-]{section.9}{\376\377\000A\000c\000k\000n\000o\000w\000l\000e\000d\000g\000m\000e\000n\000t\000s}{}% 17
\BOOKMARK [1][-]{section.10}{\376\377\000P\000r\000e\000a\000m\000b\000l\000e}{}% 18
\BOOKMARK [1][-]{section.11}{\376\377\000D\000o\000c\000u\000m\000e\000n\000t\000\040\000B\000o\000d\000y}{}% 19
\BOOKMARK [2][-]{subsection.11.1}{\376\377\000F\000o\000o\000t\000n\000o\000t\000e\000s}{section.11}% 20
\BOOKMARK [2][-]{subsection.11.2}{\376\377\000T\000a\000b\000l\000e\000s\000\040\000a\000n\000d\000\040\000f\000i\000g\000u\000r\000e\000s}{section.11}% 21
\BOOKMARK [2][-]{subsection.11.3}{\376\377\000H\000y\000p\000e\000r\000l\000i\000n\000k\000s}{section.11}% 22
\BOOKMARK [2][-]{subsection.11.4}{\376\377\000C\000i\000t\000a\000t\000i\000o\000n\000s}{section.11}% 23
\BOOKMARK [2][-]{subsection.11.5}{\376\377\000R\000e\000f\000e\000r\000e\000n\000c\000e\000s}{section.11}% 24
\BOOKMARK [2][-]{subsection.11.6}{\376\377\000A\000p\000p\000e\000n\000d\000i\000c\000e\000s}{section.11}% 25
\BOOKMARK [1][-]{section.12}{\376\377\000B\000i\000b\000T\000e\000X\000\040\000F\000i\000l\000e\000s}{}% 26
\BOOKMARK [1][-]{appendix.A}{\376\377\000E\000x\000a\000m\000p\000l\000e\000\040\000A\000p\000p\000e\000n\000d\000i\000x}{}% 27
