INFO:  latexindent.exe version 3.22.2, 2023-07-14, a script to indent .tex files
       latexindent.exe lives here: C:/Code/texlive/2023/bin/windows/
       Mon Aug 21 20:31:42 2023
       Filename: c:/Users/64944/Desktop/Work/AACL/Doucument/latex/sections/__latexindent_temp_05_conclusion.tex
INFO:  Processing switches:
       -y|--yaml: YAML settings specified via command line
       -c|--cruft: cruft directory
INFO:  Directory for backup files and c:/Users/64944/Desktop/Work/AACL/Doucument/latex//indent.log:
       c:/Users/64944/Desktop/Work/AACL/Doucument/latex/
INFO:  YAML settings read: defaultSettings.yaml
       Reading defaultSettings.yaml from C:/Code/texlive/2023/bin/windows/defaultSettings.yaml
       Reading defaultSettings.yaml (2nd attempt) from C:/Code/texlive/2023/bin/windows/../../texmf-dist/scripts/latexindent/defaultSettings.yaml
       and then, if necessary, C:/Code/texlive/2023/bin/windows/LatexIndent/defaultSettings.yaml
INFO:  YAML reading settings
       Home directory is C:\Users\64944
       latexindent.pl didn't find indentconfig.yaml or .indentconfig.yaml
       see all possible locations: https://latexindentpl.readthedocs.io/en/latest/sec-appendices.html#indentconfig-options)
INFO:  YAML settings read: -y switch
       YAML setting: defaultIndent:'  '
       single-quoted string found in -y switch: '  ', substitute to   
       Updating mainSettings with defaultIndent:   
INFO:  Phase 1: searching for objects
INFO:  Phase 2: finding surrounding indentation
INFO:  Phase 3: indenting objects
INFO:  Phase 4: final indentation check
INFO:  Output routine:
       Not outputting to file; see -w and -o switches for more options.
       --------------
INFO:  Please direct all communication/issues to:
        https://github.com/cmhughes/latexindent.pl
